#
# There is insufficient memory for the Java Runtime Environment to continue.
# Native memory allocation (mmap) failed to map 333447168 bytes for Failed to commit area from 0x00000006c2a00000 to 0x00000006d6800000 of length 333447168.
# Possible reasons:
#   The system is out of physical RAM or swap space
#   The process is running with CompressedOops enabled, and the Java Heap may be blocking the growth of the native heap
# Possible solutions:
#   Reduce memory load on the system
#   Increase physical memory or swap space
#   Check if swap backing store is full
#   Decrease Java heap size (-Xmx/-Xms)
#   Decrease number of Java threads
#   Decrease Java thread stack sizes (-Xss)
#   Set larger code cache with -XX:ReservedCodeCacheSize=
# This output file may be truncated or incomplete.
#
#  Out of Memory Error (./src/hotspot/os/windows/os_windows.cpp:3301), pid=10236, tid=15672
#
# JRE version:  (11.0.10) (build )
# Java VM: OpenJDK 64-Bit Server VM (11.0.10+0-b96-7249189, mixed mode, sharing, tiered, compressed oops, g1 gc, windows-amd64)
# No core dump will be written. Minidumps are not enabled by default on client versions of Windows
#

---------------  S U M M A R Y ------------

Command Line: org.jetbrains.git4idea.http.GitAskPassApp Username for 'https://github.com': 

Host: Intel(R) Core(TM) i5-8250U CPU @ 1.60GHz, 8 cores, 19G,  Windows 10 , 64 bit Build 22000 (10.0.22000.675)
Time: Thu Jun 16 16:11:48 2022 Jerusalem Daylight Time elapsed time: 0.030550 seconds (0d 0h 0m 0s)

---------------  T H R E A D  ---------------

Current thread (0x0000019dd0100000):  JavaThread "Unknown thread" [_thread_in_vm, id=15672, stack(0x00000019b6400000,0x00000019b6500000)]

Stack: [0x00000019b6400000,0x00000019b6500000]
Native frames: (J=compiled Java code, j=interpreted, Vv=VM code, C=native code)
V  [jvm.dll+0x5ecfaa]
V  [jvm.dll+0x722bd5]
V  [jvm.dll+0x72412d]
V  [jvm.dll+0x7247e3]
V  [jvm.dll+0x242928]
V  [jvm.dll+0x5ea374]
V  [jvm.dll+0x5df425]
V  [jvm.dll+0x2fdebb]
V  [jvm.dll+0x2fde2a]
V  [jvm.dll+0x2fdd02]
V  [jvm.dll+0x302bf6]
V  [jvm.dll+0x34b2a3]
V  [jvm.dll+0x34b9a6]
V  [jvm.dll+0x34b3a3]
V  [jvm.dll+0x2d8888]
V  [jvm.dll+0x2d9a37]
V  [jvm.dll+0x701737]
V  [jvm.dll+0x702f2c]
V  [jvm.dll+0x3587d9]
V  [jvm.dll+0x6e4fae]
V  [jvm.dll+0x3c0be3]
V  [jvm.dll+0x3c2e91]
C  [jli.dll+0x5373]
C  [ucrtbase.dll+0x26c0c]
C  [KERNEL32.DLL+0x154e0]
C  [ntdll.dll+0x485b]


---------------  P R O C E S S  ---------------

Threads class SMR info:
_java_thread_list=0x0000019dce013b10, length=0, elements={
}

Java Threads: ( => current thread )

Other Threads:
  0x0000019dd0117800 GCTaskThread "GC Thread#0" [stack: 0x00000019b6500000,0x00000019b6600000] [id=7092]
  0x0000019dd0189800 ConcurrentGCThread "G1 Main Marker" [stack: 0x00000019b6600000,0x00000019b6700000] [id=16660]
  0x0000019dd018c000 ConcurrentGCThread "G1 Conc#0" [stack: 0x00000019b6700000,0x00000019b6800000] [id=20328]

[error occurred during error reporting (printing all threads), id 0xc0000005, EXCEPTION_ACCESS_VIOLATION (0xc0000005) at pc=0x00007ffbb8719107]

VM state:not at safepoint (not fully initialized)

VM Mutex/Monitor currently owned by a thread:  ([mutex/lock_event])
[0x0000019dd00fce90] Heap_lock - owner thread: 0x0000019dd0100000

Heap address: 0x00000006c2a00000, size: 5078 MB, Compressed Oops mode: Non-zero based: 0x00000006c2a00000
Narrow klass base: 0x0000000000000000, Narrow klass shift: 0

GC Heap History (0 events):
No events

Deoptimization events (0 events):
No events

Classes redefined (0 events):
No events

Internal exceptions (0 events):
No events

Events (1 events):
Event: 0.020 Loaded shared library C:\Program Files\Android\Android Studio\jre\bin\zip.dll


Dynamic libraries:
0x00007ff7c5af0000 - 0x00007ff7c5afa000 	C:\Program Files\Android\Android Studio\jre\bin\java.exe
0x00007ffc0fda0000 - 0x00007ffc0ffa9000 	C:\Windows\SYSTEM32\ntdll.dll
0x00007ffc0f0c0000 - 0x00007ffc0f17d000 	C:\Windows\System32\KERNEL32.DLL
0x00007ffc0d670000 - 0x00007ffc0d9e9000 	C:\Windows\System32\KERNELBASE.dll
0x00007ffc0db20000 - 0x00007ffc0dc31000 	C:\Windows\System32\ucrtbase.dll
0x00007ffbebb10000 - 0x00007ffbebb29000 	C:\Program Files\Android\Android Studio\jre\bin\jli.dll
0x00007ffc0f1e0000 - 0x00007ffc0f38c000 	C:\Windows\System32\USER32.dll
0x00007ffbea880000 - 0x00007ffbea897000 	C:\Program Files\Android\Android Studio\jre\bin\VCRUNTIME140.dll
0x00007ffc0d3b0000 - 0x00007ffc0d3d6000 	C:\Windows\System32\win32u.dll
0x00007ffbf64f0000 - 0x00007ffbf6795000 	C:\Windows\WinSxS\amd64_microsoft.windows.common-controls_6595b64144ccf1df_6.0.22000.120_none_9d947278b86cc467\COMCTL32.dll
0x00007ffc0e330000 - 0x00007ffc0e359000 	C:\Windows\System32\GDI32.dll
0x00007ffc0e370000 - 0x00007ffc0e413000 	C:\Windows\System32\msvcrt.dll
0x00007ffc0d290000 - 0x00007ffc0d3a2000 	C:\Windows\System32\gdi32full.dll
0x00007ffc0d550000 - 0x00007ffc0d5ed000 	C:\Windows\System32\msvcp_win.dll
0x00007ffc0f180000 - 0x00007ffc0f1b1000 	C:\Windows\System32\IMM32.DLL
0x00007ffbd3f10000 - 0x00007ffbd3fad000 	C:\Program Files\Android\Android Studio\jre\bin\msvcp140.dll
0x00007ffbb8430000 - 0x00007ffbb8eff000 	C:\Program Files\Android\Android Studio\jre\bin\server\jvm.dll
0x00007ffc0f390000 - 0x00007ffc0f43e000 	C:\Windows\System32\ADVAPI32.dll
0x00007ffc0dc40000 - 0x00007ffc0dcde000 	C:\Windows\System32\sechost.dll
0x00007ffc0fa80000 - 0x00007ffc0fba0000 	C:\Windows\System32\RPCRT4.dll
0x00007ffc0f0b0000 - 0x00007ffc0f0b8000 	C:\Windows\System32\PSAPI.DLL
0x00007ffc09290000 - 0x00007ffc09299000 	C:\Windows\SYSTEM32\WSOCK32.dll
0x00007ffc0e5e0000 - 0x00007ffc0e64f000 	C:\Windows\System32\WS2_32.dll
0x00007ffc07980000 - 0x00007ffc079b3000 	C:\Windows\SYSTEM32\WINMM.dll
0x00007ffc02d70000 - 0x00007ffc02d7a000 	C:\Windows\SYSTEM32\VERSION.dll
0x00007ffc0c440000 - 0x00007ffc0c458000 	C:\Windows\SYSTEM32\kernel.appcore.dll
0x00007ffc09270000 - 0x00007ffc09281000 	C:\Program Files\Android\Android Studio\jre\bin\verify.dll
0x00007ffbf67e0000 - 0x00007ffbf6a01000 	C:\Windows\SYSTEM32\DBGHELP.DLL
0x00007ffbfc3e0000 - 0x00007ffbfc411000 	C:\Windows\SYSTEM32\dbgcore.DLL
0x00007ffc0d5f0000 - 0x00007ffc0d66f000 	C:\Windows\System32\bcryptPrimitives.dll
0x00007ffc08da0000 - 0x00007ffc08dc9000 	C:\Program Files\Android\Android Studio\jre\bin\java.dll
0x00007ffc08f50000 - 0x00007ffc08f5b000 	C:\Program Files\Android\Android Studio\jre\bin\jimage.dll
0x00007ffc07f60000 - 0x00007ffc07f78000 	C:\Program Files\Android\Android Studio\jre\bin\zip.dll

dbghelp: loaded successfully - version: 4.0.5 - missing functions: none
symbol engine: initialized successfully - sym options: 0x614 - pdb path: .;C:\Program Files\Android\Android Studio\jre\bin;C:\Windows\SYSTEM32;C:\Windows\WinSxS\amd64_microsoft.windows.common-controls_6595b64144ccf1df_6.0.22000.120_none_9d947278b86cc467;C:\Program Files\Android\Android Studio\jre\bin\server

VM Arguments:
java_command: org.jetbrains.git4idea.http.GitAskPassApp Username for 'https://github.com': 
java_class_path (initial): C:/Program Files/Android/Android Studio/plugins/git4idea/lib/git4idea-rt.jar;C:/Program Files/Android/Android Studio/lib/xmlrpc-2.0.1.jar;C:/Program Files/Android/Android Studio/lib/commons-codec-1.14.jar
Launcher Type: SUN_STANDARD

[Global flags]
     intx CICompilerCount                          = 4                                         {product} {ergonomic}
     uint ConcGCThreads                            = 2                                         {product} {ergonomic}
     uint G1ConcRefinementThreads                  = 8                                         {product} {ergonomic}
   size_t G1HeapRegionSize                         = 1048576                                   {product} {ergonomic}
    uintx GCDrainStackTargetSize                   = 64                                        {product} {ergonomic}
   size_t InitialHeapSize                          = 333447168                                 {product} {ergonomic}
   size_t MarkStackSize                            = 4194304                                   {product} {ergonomic}
   size_t MaxHeapSize                              = 5324668928                                {product} {ergonomic}
   size_t MinHeapDeltaBytes                        = 1048576                                   {product} {ergonomic}
    uintx NonNMethodCodeHeapSize                   = 5836300                                {pd product} {ergonomic}
    uintx NonProfiledCodeHeapSize                  = 122910970                              {pd product} {ergonomic}
    uintx ProfiledCodeHeapSize                     = 122910970                              {pd product} {ergonomic}
    uintx ReservedCodeCacheSize                    = 251658240                              {pd product} {ergonomic}
     bool SegmentedCodeCache                       = true                                      {product} {ergonomic}
     bool UseCompressedClassPointers               = true                                 {lp64_product} {ergonomic}
     bool UseCompressedOops                        = true                                 {lp64_product} {ergonomic}
     bool UseG1GC                                  = true                                      {product} {ergonomic}
     bool UseLargePagesIndividualAllocation        = false                                  {pd product} {ergonomic}

Logging:
Log output configuration:
 #0: stdout all=warning uptime,level,tags
 #1: stderr all=off uptime,level,tags

Environment Variables:
PATH=C:/Program Files/Git/mingw64/libexec/git-core;C:/Program Files/Git/mingw64/libexec/git-core;C:\Program Files\Git\mingw64\bin;C:\Program Files\Git\usr\bin;C:\Users\user\bin;C:\Program Files\Microsoft\jdk-11.0.12.7-hotspot\bin;C:\Windows\system32;C:\Windows;C:\Windows\System32\Wbem;C:\Windows\System32\WindowsPowerShell\v1.0\;C:\Windows\System32\OpenSSH\;C:\Program Files\dotnet\;C:\Program Files\PuTTY\;C:\Program Files\Git\cmd;C:\Users\user\AppData\Local\Microsoft\WindowsApps;C:\Users\user\.dotnet\tools;C:\Users\user\AppData\Local\GitHubDesktop\bin;C:\Users\user\AppData\Local\Programs\Fiddler;C:\Users\user\AppData\Local\Programs\Microsoft VS Code\bin
USERNAME=user
DISPLAY=:0.0
LC_ALL=en_US.UTF-8
OS=Windows_NT
PROCESSOR_IDENTIFIER=Intel64 Family 6 Model 142 Stepping 10, GenuineIntel



---------------  S Y S T E M  ---------------

OS: Windows 10 , 64 bit Build 22000 (10.0.22000.675)
OS uptime: 15 days 21:12 hours
Hyper-V role detected

CPU:total 8 (initial active 8) (4 cores per cpu, 2 threads per core) family 6 model 142 stepping 10 microcode 0xe0, cmov, cx8, fxsr, mmx, sse, sse2, sse3, ssse3, sse4.1, sse4.2, popcnt, avx, avx2, aes, clmul, erms, 3dnowpref, lzcnt, ht, tsc, tscinvbit, bmi1, bmi2, adx, fma

Memory: 4k page, system-wide physical 20311M (477M free)
TotalPageFile size 50647M (AvailPageFile size 188M)
current process WorkingSet (physical memory assigned to process): 10M, peak: 10M
current process commit charge ("private bytes"): 61M, peak: 378M

vm_info: OpenJDK 64-Bit Server VM (11.0.10+0-b96-7249189) for windows-amd64 JRE (11.0.10+0-b96-7249189), built on Mar 31 2021 21:44:00 by "builder" with MS VC++ 14.0 (VS2015)

END.
